<?xml version="1.0" encoding="UTF-8"?>
<testng-results ignored="0" total="5" passed="5" failed="0" skipped="0">
  <reporter-output>
  </reporter-output>
  <suite started-at="2023-09-12T14:20:47 IST" name="Default suite" finished-at="2023-09-12T14:21:12 IST" duration-ms="24194">
    <groups>
      <group name="cucumber">
        <method signature="AbstractTestNGCucumberTests.runScenario(io.cucumber.testng.PickleWrapper,io.cucumber.testng.FeatureWrapper)[pri:0, instance:TestRunner.testRunner$Runner@72035809]" name="runScenario" class="io.cucumber.testng.AbstractTestNGCucumberTests"/>
      </group> <!-- cucumber -->
    </groups>
    <test started-at="2023-09-12T14:20:47 IST" name="Default test" finished-at="2023-09-12T14:21:12 IST" duration-ms="24194">
      <class name="TestRunner.testRunner$Runner">
        <test-method is-config="true" signature="setUpClass(org.testng.ITestContext)[pri:0, instance:TestRunner.testRunner$Runner@72035809]" started-at="2023-09-12T14:20:47 IST" name="setUpClass" finished-at="2023-09-12T14:20:48 IST" duration-ms="511" status="PASS">
          <params>
            <param index="0">
              <value>
                <![CDATA[org.testng.TestRunner@467b0f6e]]>
              </value>
            </param>
          </params>
          <reporter-output>
          </reporter-output>
        </test-method> <!-- setUpClass -->
        <test-method signature="runScenario(io.cucumber.testng.PickleWrapper,io.cucumber.testng.FeatureWrapper)[pri:0, instance:TestRunner.testRunner$Runner@72035809]" started-at="2023-09-12T14:20:48 IST" name="runScenario" description="Runs Cucumber Scenarios" data-provider="scenarios" finished-at="2023-09-12T14:20:51 IST" duration-ms="3330" status="PASS">
          <params>
            <param index="0">
              <value>
                <![CDATA["A-Login Functionality"]]>
              </value>
            </param>
            <param index="1">
              <value>
                <![CDATA["Login"]]>
              </value>
            </param>
          </params>
          <reporter-output>
          </reporter-output>
        </test-method> <!-- runScenario -->
        <test-method signature="runScenario(io.cucumber.testng.PickleWrapper,io.cucumber.testng.FeatureWrapper)[pri:0, instance:TestRunner.testRunner$Runner@72035809]" started-at="2023-09-12T14:20:51 IST" name="runScenario" description="Runs Cucumber Scenarios" data-provider="scenarios" finished-at="2023-09-12T14:20:53 IST" duration-ms="2122" status="PASS">
          <params>
            <param index="0">
              <value>
                <![CDATA["FindFlightFunctionality"]]>
              </value>
            </param>
            <param index="1">
              <value>
                <![CDATA["FindFlightPage"]]>
              </value>
            </param>
          </params>
          <reporter-output>
          </reporter-output>
        </test-method> <!-- runScenario -->
        <test-method signature="runScenario(io.cucumber.testng.PickleWrapper,io.cucumber.testng.FeatureWrapper)[pri:0, instance:TestRunner.testRunner$Runner@72035809]" started-at="2023-09-12T14:20:53 IST" name="runScenario" description="Runs Cucumber Scenarios" data-provider="scenarios" finished-at="2023-09-12T14:21:05 IST" duration-ms="11883" status="PASS">
          <params>
            <param index="0">
              <value>
                <![CDATA["FlightBookingFunctionality"]]>
              </value>
            </param>
            <param index="1">
              <value>
                <![CDATA["FlightBookingPage"]]>
              </value>
            </param>
          </params>
          <reporter-output>
          </reporter-output>
        </test-method> <!-- runScenario -->
        <test-method signature="runScenario(io.cucumber.testng.PickleWrapper,io.cucumber.testng.FeatureWrapper)[pri:0, instance:TestRunner.testRunner$Runner@72035809]" started-at="2023-09-12T14:21:05 IST" name="runScenario" description="Runs Cucumber Scenarios" data-provider="scenarios" finished-at="2023-09-12T14:21:08 IST" duration-ms="2412" status="PASS">
          <params>
            <param index="0">
              <value>
                <![CDATA["FlightDetailFunctionality"]]>
              </value>
            </param>
            <param index="1">
              <value>
                <![CDATA["Flight Detail Page"]]>
              </value>
            </param>
          </params>
          <reporter-output>
          </reporter-output>
        </test-method> <!-- runScenario -->
        <test-method signature="runScenario(io.cucumber.testng.PickleWrapper,io.cucumber.testng.FeatureWrapper)[pri:0, instance:TestRunner.testRunner$Runner@72035809]" started-at="2023-09-12T14:21:08 IST" name="runScenario" description="Runs Cucumber Scenarios" data-provider="scenarios" finished-at="2023-09-12T14:21:12 IST" duration-ms="3865" status="PASS">
          <params>
            <param index="0">
              <value>
                <![CDATA["UserDetailFunctionality"]]>
              </value>
            </param>
            <param index="1">
              <value>
                <![CDATA["User Detail Page"]]>
              </value>
            </param>
          </params>
          <reporter-output>
          </reporter-output>
        </test-method> <!-- runScenario -->
        <test-method is-config="true" signature="tearDownClass()[pri:0, instance:TestRunner.testRunner$Runner@72035809]" started-at="2023-09-12T14:21:12 IST" name="tearDownClass" finished-at="2023-09-12T14:21:12 IST" duration-ms="30" status="PASS">
          <reporter-output>
          </reporter-output>
        </test-method> <!-- tearDownClass -->
      </class> <!-- TestRunner.testRunner$Runner -->
    </test> <!-- Default test -->
  </suite> <!-- Default suite -->
</testng-results>
